WARNING: 2022-05-18 17:31:56,595 
Packet rejected
###[ IP ]### 
  version   = 4
  ihl       = 5
  tos       = 0x0
  len       = 77
  id        = 18085
  flags     = DF
  frag      = 0
  ttl       = 64
  proto     = udp
  chksum    = 0xf5c4
  src       = 127.0.0.1
  dst       = 127.0.0.53
  \options   \
###[ UDP ]### 
     sport     = 44224
     dport     = domain
     len       = 57
     chksum    = 0x2758
###[ Raw ]### 
        load      = '\x037\x01 \x00\x01\x00\x00\x00\x00\x00\x01\x06prebid\x04a-mo\x03net\x04home\x00\x00\x01\x00\x01\x00\x00)\x04\\xb0\x00\x00\x00\x00\x00\x00'

WARNING: 2022-05-18 17:31:56,599 
Packet rejected
###[ IP ]### 
  version   = 4
  ihl       = 5
  tos       = 0x0
  len       = 77
  id        = 18086
  flags     = DF
  frag      = 0
  ttl       = 64
  proto     = udp
  chksum    = 0xf5c3
  src       = 127.0.0.1
  dst       = 127.0.0.53
  \options   \
###[ UDP ]### 
     sport     = 44224
     dport     = domain
     len       = 57
     chksum    = 0xe552
###[ Raw ]### 
        load      = 'E!\x01 \x00\x01\x00\x00\x00\x00\x00\x01\x06prebid\x04a-mo\x03net\x04home\x00\x00\x1c\x00\x01\x00\x00)\x04\\xb0\x00\x00\x00\x00\x00\x00'

WARNING: 2022-05-18 17:31:58,599 
Packet rejected
###[ IP ]### 
  version   = 4
  ihl       = 5
  tos       = 0x0
  len       = 84
  id        = 21622
  flags     = DF
  frag      = 0
  ttl       = 64
  proto     = udp
  chksum    = 0xe7ec
  src       = 127.0.0.1
  dst       = 127.0.0.53
  \options   \
###[ UDP ]### 
     sport     = 36842
     dport     = domain
     len       = 64
     chksum    = 0x3465
###[ Raw ]### 
        load      = '6\x1d\x01 \x00\x01\x00\x00\x00\x00\x00\x01\x08fastlane\x0erubiconproject\x03com\x00\x00\x01\x00\x01\x00\x00)\x04\\xb0\x00\x00\x00\x00\x00\x00'

WARNING: 2022-05-18 17:31:58,602 
Packet rejected
###[ IP ]### 
  version   = 4
  ihl       = 5
  tos       = 0x0
  len       = 84
  id        = 21623
  flags     = DF
  frag      = 0
  ttl       = 64
  proto     = udp
  chksum    = 0xe7eb
  src       = 127.0.0.1
  dst       = 127.0.0.53
  \options   \
###[ UDP ]### 
     sport     = 36842
     dport     = domain
     len       = 64
     chksum    = 0xec6b
###[ Raw ]### 
        load      = 'c\x16\x01 \x00\x01\x00\x00\x00\x00\x00\x01\x08fastlane\x0erubiconproject\x03com\x00\x00\x1c\x00\x01\x00\x00)\x04\\xb0\x00\x00\x00\x00\x00\x00'

WARNING: 2022-05-18 17:31:59,404 
Packet rejected
###[ IP ]### 
  version   = 4
  ihl       = 5
  tos       = 0x0
  len       = 60
  id        = 50565
  flags     = DF
  frag      = 0
  ttl       = 64
  proto     = tcp
  chksum    = 0x7733
  src       = 127.0.0.1
  dst       = 127.0.0.2
  \options   \
###[ TCP ]### 
     sport     = 48897
     dport     = 5020
     seq       = 1435706602
     ack       = 0
     dataofs   = 10
     reserved  = 0
     flags     = S
     window    = 65495
     chksum    = 0xc86e
     urgptr    = 0
     options   = [('MSS', 65495), ('SAckOK', b''), ('Timestamp', (2971634007, 0)), ('NOP', None), ('WScale', 7)]

WARNING: 2022-05-18 17:31:59,844 
Packet rejected
###[ IP ]### 
  version   = 4
  ihl       = 5
  tos       = 0x0
  len       = 78
  id        = 37840
  flags     = DF
  frag      = 0
  ttl       = 64
  proto     = udp
  chksum    = 0xa898
  src       = 127.0.0.1
  dst       = 127.0.0.53
  \options   \
###[ UDP ]### 
     sport     = 47998
     dport     = domain
     len       = 58
     chksum    = 0xceea
###[ Raw ]### 
        load      = '\\xb0\\xbd\x01 \x00\x01\x00\x00\x00\x00\x00\x01\x04live\x06primis\x04tech\x04home\x00\x00\x01\x00\x01\x00\x00)\x04\\xb0\x00\x00\x00\x00\x00\x00'

WARNING: 2022-05-18 17:31:59,847 
Packet rejected
###[ IP ]### 
  version   = 4
  ihl       = 5
  tos       = 0x0
  len       = 78
  id        = 37841
  flags     = DF
  frag      = 0
  ttl       = 64
  proto     = udp
  chksum    = 0xa897
  src       = 127.0.0.1
  dst       = 127.0.0.53
  \options   \
###[ UDP ]### 
     sport     = 47998
     dport     = domain
     len       = 58
     chksum    = 0x2326
###[ Raw ]### 
        load      = 'A\\x82\x01 \x00\x01\x00\x00\x00\x00\x00\x01\x04live\x06primis\x04tech\x04home\x00\x00\x1c\x00\x01\x00\x00)\x04\\xb0\x00\x00\x00\x00\x00\x00'

WARNING: 2022-05-18 17:31:59,852 
Packet rejected
###[ IP ]### 
  version   = 4
  ihl       = 5
  tos       = 0x0
  len       = 78
  id        = 7493
  flags     = DF
  frag      = 0
  ttl       = 64
  proto     = udp
  chksum    = 0x1f24
  src       = 127.0.0.1
  dst       = 127.0.0.53
  \options   \
###[ UDP ]### 
     sport     = 47139
     dport     = domain
     len       = 58
     chksum    = 0xb727
###[ Raw ]### 
        load      = '\\xcb\\xdb\x01 \x00\x01\x00\x00\x00\x00\x00\x01\x04live\x06primis\x04tech\x04home\x00\x00\x01\x00\x01\x00\x00)\x04\\xb0\x00\x00\x00\x00\x00\x00'

WARNING: 2022-05-18 17:31:59,860 
Packet rejected
###[ IP ]### 
  version   = 4
  ihl       = 5
  tos       = 0x0
  len       = 78
  id        = 26650
  flags     = DF
  frag      = 0
  ttl       = 64
  proto     = udp
  chksum    = 0xd44e
  src       = 127.0.0.1
  dst       = 127.0.0.53
  \options   \
###[ UDP ]### 
     sport     = 53480
     dport     = domain
     len       = 58
     chksum    = 0xb0cc
###[ Raw ]### 
        load      = '\\xb9q\x01 \x00\x01\x00\x00\x00\x00\x00\x01\x04live\x06primis\x04tech\x04home\x00\x00\x01\x00\x01\x00\x00)\x04\\xb0\x00\x00\x00\x00\x00\x00'

WARNING: 2022-05-18 17:31:59,863 
Packet rejected
###[ IP ]### 
  version   = 4
  ihl       = 5
  tos       = 0x0
  len       = 91
  id        = 57220
  flags     = DF
  frag      = 0
  ttl       = 64
  proto     = udp
  chksum    = 0x5cd7
  src       = 127.0.0.1
  dst       = 127.0.0.53
  \options   \
###[ UDP ]### 
     sport     = 36474
     dport     = domain
     len       = 71
     chksum    = 0xe606
###[ Raw ]### 
        load      = '\\xc1q\x01 \x00\x01\x00\x00\x00\x00\x00\x01\x07pagead2\x11googlesyndication\x03com\x04home\x00\x00\x01\x00\x01\x00\x00)\x04\\xb0\x00\x00\x00\x00\x00\x00'

WARNING: 2022-05-18 17:31:59,865 
Packet rejected
###[ IP ]### 
  version   = 4
  ihl       = 5
  tos       = 0x0
  len       = 78
  id        = 26651
  flags     = DF
  frag      = 0
  ttl       = 64
  proto     = udp
  chksum    = 0xd44d
  src       = 127.0.0.1
  dst       = 127.0.0.53
  \options   \
###[ UDP ]### 
     sport     = 53480
     dport     = domain
     len       = 58
     chksum    = 0x96d8
###[ Raw ]### 
        load      = '\\xb8e\x01 \x00\x01\x00\x00\x00\x00\x00\x01\x04live\x06primis\x04tech\x04home\x00\x00\x1c\x00\x01\x00\x00)\x04\\xb0\x00\x00\x00\x00\x00\x00'

WARNING: 2022-05-18 17:31:59,868 
Packet rejected
###[ IP ]### 
  version   = 4
  ihl       = 5
  tos       = 0x0
  len       = 91
  id        = 57221
  flags     = DF
  frag      = 0
  ttl       = 64
  proto     = udp
  chksum    = 0x5cd6
  src       = 127.0.0.1
  dst       = 127.0.0.53
  \options   \
###[ UDP ]### 
     sport     = 36474
     dport     = domain
     len       = 71
     chksum    = 0xf5f7
###[ Raw ]### 
        load      = '\\xb1e\x01 \x00\x01\x00\x00\x00\x00\x00\x01\x07pagead2\x11googlesyndication\x03com\x04home\x00\x00\x1c\x00\x01\x00\x00)\x04\\xb0\x00\x00\x00\x00\x00\x00'

WARNING: 2022-05-18 17:31:59,876 
Packet rejected
###[ IP ]### 
  version   = 4
  ihl       = 5
  tos       = 0x0
  len       = 87
  id        = 60926
  flags     = DF
  frag      = 0
  ttl       = 64
  proto     = udp
  chksum    = 0x4e61
  src       = 127.0.0.1
  dst       = 127.0.0.53
  \options   \
###[ UDP ]### 
     sport     = 55503
     dport     = domain
     len       = 67
     chksum    = 0x3de0
###[ Raw ]### 
        load      = '\\xdd\\xde\x01 \x00\x01\x00\x00\x00\x00\x00\x01\x03tpc\x11googlesyndication\x03com\x04home\x00\x00\x01\x00\x01\x00\x00)\x04\\xb0\x00\x00\x00\x00\x00\x00'

WARNING: 2022-05-18 17:31:59,878 
Packet rejected
###[ IP ]### 
  version   = 4
  ihl       = 5
  tos       = 0x0
  len       = 87
  id        = 60927
  flags     = DF
  frag      = 0
  ttl       = 64
  proto     = udp
  chksum    = 0x4e60
  src       = 127.0.0.1
  dst       = 127.0.0.53
  \options   \
###[ UDP ]### 
     sport     = 55503
     dport     = domain
     len       = 67
     chksum    = 0x67b5
###[ Raw ]### 
        load      = '\\xb3\\xee\x01 \x00\x01\x00\x00\x00\x00\x00\x01\x03tpc\x11googlesyndication\x03com\x04home\x00\x00\x1c\x00\x01\x00\x00)\x04\\xb0\x00\x00\x00\x00\x00\x00'

WARNING: 2022-05-18 17:32:00,392 
Packet rejected
###[ IP ]### 
  version   = 4
  ihl       = 5
  tos       = 0x0
  len       = 76
  id        = 14479
  flags     = DF
  frag      = 0
  ttl       = 64
  proto     = udp
  chksum    = 0x3dc
  src       = 127.0.0.1
  dst       = 127.0.0.53
  \options   \
###[ UDP ]### 
     sport     = 57759
     dport     = domain
     len       = 56
     chksum    = 0x90ed
###[ Raw ]### 
        load      = '\\xe4\\x88\x01 \x00\x01\x00\x00\x00\x00\x00\x01\x02hb\x07aralego\x03com\x04home\x00\x00\x01\x00\x01\x00\x00)\x04\\xb0\x00\x00\x00\x00\x00\x00'

WARNING: 2022-05-18 17:32:00,395 
Packet rejected
###[ IP ]### 
  version   = 4
  ihl       = 5
  tos       = 0x0
  len       = 76
  id        = 14480
  flags     = DF
  frag      = 0
  ttl       = 64
  proto     = udp
  chksum    = 0x3db
  src       = 127.0.0.1
  dst       = 127.0.0.53
  \options   \
###[ UDP ]### 
     sport     = 57759
     dport     = domain
     len       = 56
     chksum    = 0x6eb9
###[ Raw ]### 
        load      = '\\xeb\\xbc\x01 \x00\x01\x00\x00\x00\x00\x00\x01\x02hb\x07aralego\x03com\x04home\x00\x00\x1c\x00\x01\x00\x00)\x04\\xb0\x00\x00\x00\x00\x00\x00'

WARNING: 2022-05-18 17:32:00,425 
Packet rejected
###[ IP ]### 
  version   = 4
  ihl       = 5
  tos       = 0x0
  len       = 60
  id        = 50566
  flags     = DF
  frag      = 0
  ttl       = 64
  proto     = tcp
  chksum    = 0x7732
  src       = 127.0.0.1
  dst       = 127.0.0.2
  \options   \
###[ TCP ]### 
     sport     = 48897
     dport     = 5020
     seq       = 1435706602
     ack       = 0
     dataofs   = 10
     reserved  = 0
     flags     = S
     window    = 65495
     chksum    = 0xc471
     urgptr    = 0
     options   = [('MSS', 65495), ('SAckOK', b''), ('Timestamp', (2971635028, 0)), ('NOP', None), ('WScale', 7)]

WARNING: 2022-05-18 17:32:01,597 
Packet rejected
###[ IP ]### 
  version   = 4
  ihl       = 5
  tos       = 0x0
  len       = 77
  id        = 18087
  flags     = DF
  frag      = 0
  ttl       = 64
  proto     = udp
  chksum    = 0xf5c2
  src       = 127.0.0.1
  dst       = 127.0.0.53
  \options   \
###[ UDP ]### 
     sport     = 44224
     dport     = domain
     len       = 57
     chksum    = 0x2758
###[ Raw ]### 
        load      = '\x037\x01 \x00\x01\x00\x00\x00\x00\x00\x01\x06prebid\x04a-mo\x03net\x04home\x00\x00\x01\x00\x01\x00\x00)\x04\\xb0\x00\x00\x00\x00\x00\x00'

WARNING: 2022-05-18 17:32:01,602 
Packet rejected
###[ IP ]### 
  version   = 4
  ihl       = 5
  tos       = 0x0
  len       = 77
  id        = 18088
  flags     = DF
  frag      = 0
  ttl       = 64
  proto     = udp
  chksum    = 0xf5c1
  src       = 127.0.0.1
  dst       = 127.0.0.53
  \options   \
###[ UDP ]### 
     sport     = 44224
     dport     = domain
     len       = 57
     chksum    = 0xe552
###[ Raw ]### 
        load      = 'E!\x01 \x00\x01\x00\x00\x00\x00\x00\x01\x06prebid\x04a-mo\x03net\x04home\x00\x00\x1c\x00\x01\x00\x00)\x04\\xb0\x00\x00\x00\x00\x00\x00'

WARNING: 2022-05-18 17:32:03,602 
Packet rejected
###[ IP ]### 
  version   = 4
  ihl       = 5
  tos       = 0x0
  len       = 84
  id        = 21624
  flags     = DF
  frag      = 0
  ttl       = 64
  proto     = udp
  chksum    = 0xe7ea
  src       = 127.0.0.1
  dst       = 127.0.0.53
  \options   \
###[ UDP ]### 
     sport     = 36842
     dport     = domain
     len       = 64
     chksum    = 0x3465
###[ Raw ]### 
        load      = '6\x1d\x01 \x00\x01\x00\x00\x00\x00\x00\x01\x08fastlane\x0erubiconproject\x03com\x00\x00\x01\x00\x01\x00\x00)\x04\\xb0\x00\x00\x00\x00\x00\x00'

WARNING: 2022-05-18 17:32:03,606 
Packet rejected
###[ IP ]### 
  version   = 4
  ihl       = 5
  tos       = 0x0
  len       = 84
  id        = 21625
  flags     = DF
  frag      = 0
  ttl       = 64
  proto     = udp
  chksum    = 0xe7e9
  src       = 127.0.0.1
  dst       = 127.0.0.53
  \options   \
###[ UDP ]### 
     sport     = 36842
     dport     = domain
     len       = 64
     chksum    = 0xec6b
###[ Raw ]### 
        load      = 'c\x16\x01 \x00\x01\x00\x00\x00\x00\x00\x01\x08fastlane\x0erubiconproject\x03com\x00\x00\x1c\x00\x01\x00\x00)\x04\\xb0\x00\x00\x00\x00\x00\x00'

WARNING: 2022-05-18 17:32:04,846 
Packet rejected
###[ IP ]### 
  version   = 4
  ihl       = 5
  tos       = 0x0
  len       = 78
  id        = 37842
  flags     = DF
  frag      = 0
  ttl       = 64
  proto     = udp
  chksum    = 0xa896
  src       = 127.0.0.1
  dst       = 127.0.0.53
  \options   \
###[ UDP ]### 
     sport     = 47998
     dport     = domain
     len       = 58
     chksum    = 0xceea
###[ Raw ]### 
        load      = '\\xb0\\xbd\x01 \x00\x01\x00\x00\x00\x00\x00\x01\x04live\x06primis\x04tech\x04home\x00\x00\x01\x00\x01\x00\x00)\x04\\xb0\x00\x00\x00\x00\x00\x00'

WARNING: 2022-05-18 17:32:04,850 
Packet rejected
###[ IP ]### 
  version   = 4
  ihl       = 5
  tos       = 0x0
  len       = 78
  id        = 37843
  flags     = DF
  frag      = 0
  ttl       = 64
  proto     = udp
  chksum    = 0xa895
  src       = 127.0.0.1
  dst       = 127.0.0.53
  \options   \
###[ UDP ]### 
     sport     = 47998
     dport     = domain
     len       = 58
     chksum    = 0x2326
###[ Raw ]### 
        load      = 'A\\x82\x01 \x00\x01\x00\x00\x00\x00\x00\x01\x04live\x06primis\x04tech\x04home\x00\x00\x1c\x00\x01\x00\x00)\x04\\xb0\x00\x00\x00\x00\x00\x00'

WARNING: 2022-05-18 17:32:04,857 
Packet rejected
###[ IP ]### 
  version   = 4
  ihl       = 5
  tos       = 0x0
  len       = 78
  id        = 7494
  flags     = DF
  frag      = 0
  ttl       = 64
  proto     = udp
  chksum    = 0x1f23
  src       = 127.0.0.1
  dst       = 127.0.0.53
  \options   \
###[ UDP ]### 
     sport     = 47139
     dport     = domain
     len       = 58
     chksum    = 0xb727
###[ Raw ]### 
        load      = '\\xcb\\xdb\x01 \x00\x01\x00\x00\x00\x00\x00\x01\x04live\x06primis\x04tech\x04home\x00\x00\x01\x00\x01\x00\x00)\x04\\xb0\x00\x00\x00\x00\x00\x00'

WARNING: 2022-05-18 17:32:04,874 
Packet rejected
###[ IP ]### 
  version   = 4
  ihl       = 5
  tos       = 0x0
  len       = 78
  id        = 26652
  flags     = DF
  frag      = 0
  ttl       = 64
  proto     = udp
  chksum    = 0xd44c
  src       = 127.0.0.1
  dst       = 127.0.0.53
  \options   \
###[ UDP ]### 
     sport     = 53480
     dport     = domain
     len       = 58
     chksum    = 0xb0cc
###[ Raw ]### 
        load      = '\\xb9q\x01 \x00\x01\x00\x00\x00\x00\x00\x01\x04live\x06primis\x04tech\x04home\x00\x00\x01\x00\x01\x00\x00)\x04\\xb0\x00\x00\x00\x00\x00\x00'

WARNING: 2022-05-18 17:32:04,876 
Packet rejected
###[ IP ]### 
  version   = 4
  ihl       = 5
  tos       = 0x0
  len       = 91
  id        = 57222
  flags     = DF
  frag      = 0
  ttl       = 64
  proto     = udp
  chksum    = 0x5cd5
  src       = 127.0.0.1
  dst       = 127.0.0.53
  \options   \
###[ UDP ]### 
     sport     = 36474
     dport     = domain
     len       = 71
     chksum    = 0xe606
###[ Raw ]### 
        load      = '\\xc1q\x01 \x00\x01\x00\x00\x00\x00\x00\x01\x07pagead2\x11googlesyndication\x03com\x04home\x00\x00\x01\x00\x01\x00\x00)\x04\\xb0\x00\x00\x00\x00\x00\x00'

WARNING: 2022-05-18 17:32:04,880 
Packet rejected
###[ IP ]### 
  version   = 4
  ihl       = 5
  tos       = 0x0
  len       = 91
  id        = 57223
  flags     = DF
  frag      = 0
  ttl       = 64
  proto     = udp
  chksum    = 0x5cd4
  src       = 127.0.0.1
  dst       = 127.0.0.53
  \options   \
###[ UDP ]### 
     sport     = 36474
     dport     = domain
     len       = 71
     chksum    = 0xf5f7
###[ Raw ]### 
        load      = '\\xb1e\x01 \x00\x01\x00\x00\x00\x00\x00\x01\x07pagead2\x11googlesyndication\x03com\x04home\x00\x00\x1c\x00\x01\x00\x00)\x04\\xb0\x00\x00\x00\x00\x00\x00'

WARNING: 2022-05-18 17:32:04,883 
Packet rejected
###[ IP ]### 
  version   = 4
  ihl       = 5
  tos       = 0x0
  len       = 78
  id        = 26653
  flags     = DF
  frag      = 0
  ttl       = 64
  proto     = udp
  chksum    = 0xd44b
  src       = 127.0.0.1
  dst       = 127.0.0.53
  \options   \
###[ UDP ]### 
     sport     = 53480
     dport     = domain
     len       = 58
     chksum    = 0x96d8
###[ Raw ]### 
        load      = '\\xb8e\x01 \x00\x01\x00\x00\x00\x00\x00\x01\x04live\x06primis\x04tech\x04home\x00\x00\x1c\x00\x01\x00\x00)\x04\\xb0\x00\x00\x00\x00\x00\x00'

WARNING: 2022-05-18 17:32:04,888 
Packet rejected
###[ IP ]### 
  version   = 4
  ihl       = 5
  tos       = 0x0
  len       = 87
  id        = 60928
  flags     = DF
  frag      = 0
  ttl       = 64
  proto     = udp
  chksum    = 0x4e5f
  src       = 127.0.0.1
  dst       = 127.0.0.53
  \options   \
###[ UDP ]### 
     sport     = 55503
     dport     = domain
     len       = 67
     chksum    = 0x3de0
###[ Raw ]### 
        load      = '\\xdd\\xde\x01 \x00\x01\x00\x00\x00\x00\x00\x01\x03tpc\x11googlesyndication\x03com\x04home\x00\x00\x01\x00\x01\x00\x00)\x04\\xb0\x00\x00\x00\x00\x00\x00'

WARNING: 2022-05-18 17:32:04,892 
Packet rejected
###[ IP ]### 
  version   = 4
  ihl       = 5
  tos       = 0x0
  len       = 87
  id        = 60929
  flags     = DF
  frag      = 0
  ttl       = 64
  proto     = udp
  chksum    = 0x4e5e
  src       = 127.0.0.1
  dst       = 127.0.0.53
  \options   \
###[ UDP ]### 
     sport     = 55503
     dport     = domain
     len       = 67
     chksum    = 0x67b5
###[ Raw ]### 
        load      = '\\xb3\\xee\x01 \x00\x01\x00\x00\x00\x00\x00\x01\x03tpc\x11googlesyndication\x03com\x04home\x00\x00\x1c\x00\x01\x00\x00)\x04\\xb0\x00\x00\x00\x00\x00\x00'

WARNING: 2022-05-18 17:32:05,396 
Packet rejected
###[ IP ]### 
  version   = 4
  ihl       = 5
  tos       = 0x0
  len       = 76
  id        = 14481
  flags     = DF
  frag      = 0
  ttl       = 64
  proto     = udp
  chksum    = 0x3da
  src       = 127.0.0.1
  dst       = 127.0.0.53
  \options   \
###[ UDP ]### 
     sport     = 57759
     dport     = domain
     len       = 56
     chksum    = 0x90ed
###[ Raw ]### 
        load      = '\\xe4\\x88\x01 \x00\x01\x00\x00\x00\x00\x00\x01\x02hb\x07aralego\x03com\x04home\x00\x00\x01\x00\x01\x00\x00)\x04\\xb0\x00\x00\x00\x00\x00\x00'

WARNING: 2022-05-18 17:32:05,399 
Packet rejected
###[ IP ]### 
  version   = 4
  ihl       = 5
  tos       = 0x0
  len       = 76
  id        = 14482
  flags     = DF
  frag      = 0
  ttl       = 64
  proto     = udp
  chksum    = 0x3d9
  src       = 127.0.0.1
  dst       = 127.0.0.53
  \options   \
###[ UDP ]### 
     sport     = 57759
     dport     = domain
     len       = 56
     chksum    = 0x6eb9
###[ Raw ]### 
        load      = '\\xeb\\xbc\x01 \x00\x01\x00\x00\x00\x00\x00\x01\x02hb\x07aralego\x03com\x04home\x00\x00\x1c\x00\x01\x00\x00)\x04\\xb0\x00\x00\x00\x00\x00\x00'

WARNING: 2022-05-18 17:32:06,601 
Packet rejected
###[ IP ]### 
  version   = 4
  ihl       = 5
  tos       = 0x0
  len       = 72
  id        = 46219
  flags     = DF
  frag      = 0
  ttl       = 64
  proto     = udp
  chksum    = 0x87e3
  src       = 127.0.0.1
  dst       = 127.0.0.53
  \options   \
###[ UDP ]### 
     sport     = 42232
     dport     = domain
     len       = 52
     chksum    = 0xc9c9
###[ Raw ]### 
        load      = '\x13\\x9b\x01 \x00\x01\x00\x00\x00\x00\x00\x01\x06prebid\x04a-mo\x03net\x00\x00\x01\x00\x01\x00\x00)\x04\\xb0\x00\x00\x00\x00\x00\x00'

WARNING: 2022-05-18 17:32:06,605 
Packet rejected
###[ IP ]### 
  version   = 4
  ihl       = 5
  tos       = 0x0
  len       = 72
  id        = 46220
  flags     = DF
  frag      = 0
  ttl       = 64
  proto     = udp
  chksum    = 0x87e2
  src       = 127.0.0.1
  dst       = 127.0.0.53
  \options   \
###[ UDP ]### 
     sport     = 42232
     dport     = domain
     len       = 52
     chksum    = 0xe7cc
###[ Raw ]### 
        load      = 'ڗ\x01 \x00\x01\x00\x00\x00\x00\x00\x01\x06prebid\x04a-mo\x03net\x00\x00\x1c\x00\x01\x00\x00)\x04\\xb0\x00\x00\x00\x00\x00\x00'

