DEBUG:Rotating Log:###[ IP ]### 
  version   = 4
  ihl       = 5
  tos       = 0x0
  len       = 60
  id        = 3945
  flags     = DF
  frag      = 0
  ttl       = 64
  proto     = tcp
  chksum    = 0x2d50
  src       = 127.0.0.1
  dst       = 127.0.0.2
  \options   \
###[ TCP ]### 
     sport     = 37769
     dport     = onscreen
     seq       = 689010955
     ack       = 0
     dataofs   = 10
     reserved  = 0
     flags     = S
     window    = 65495
     chksum    = 0xe927
     urgptr    = 0
     options   = [('MSS', 65495), ('SAckOK', b''), ('Timestamp', (768208785, 0)), ('NOP', None), ('WScale', 7)]

DEBUG:Rotating Log:###[ IP ]### 
  version   = 4
  ihl       = 5
  tos       = 0x0
  len       = 60
  id        = 0
  flags     = DF
  frag      = 0
  ttl       = 64
  proto     = tcp
  chksum    = 0x3cb9
  src       = 127.0.0.2
  dst       = 127.0.0.1
  \options   \
###[ TCP ]### 
     sport     = onscreen
     dport     = 37769
     seq       = 2107716104
     ack       = 689010956
     dataofs   = 10
     reserved  = 0
     flags     = SA
     window    = 65483
     chksum    = 0xaf08
     urgptr    = 0
     options   = [('MSS', 65495), ('SAckOK', b''), ('Timestamp', (424177960, 768208785)), ('NOP', None), ('WScale', 7)]

DEBUG:Rotating Log:###[ IP ]### 
  version   = 4
  ihl       = 5
  tos       = 0x0
  len       = 52
  id        = 3946
  flags     = DF
  frag      = 0
  ttl       = 64
  proto     = tcp
  chksum    = 0x2d57
  src       = 127.0.0.1
  dst       = 127.0.0.2
  \options   \
###[ TCP ]### 
     sport     = 37769
     dport     = onscreen
     seq       = 689010956
     ack       = 2107716105
     dataofs   = 8
     reserved  = 0
     flags     = A
     window    = 512
     chksum    = 0xd5bf
     urgptr    = 0
     options   = [('NOP', None), ('NOP', None), ('Timestamp', (768208790, 424177960))]

WARNING:Rotating Log:Packet rejected
###[ IP ]### 
  version   = 4
  ihl       = 5
  tos       = 0x0
  len       = 64
  id        = 3947
  flags     = DF
  frag      = 0
  ttl       = 64
  proto     = tcp
  chksum    = 0x2d4a
  src       = 127.0.0.1
  dst       = 127.0.0.2
  \options   \
###[ TCP ]### 
     sport     = 37769
     dport     = onscreen
     seq       = 689010956
     ack       = 2107716105
     dataofs   = 8
     reserved  = 0
     flags     = PA
     window    = 512
     chksum    = 0xd53e
     urgptr    = 0
     options   = [('NOP', None), ('NOP', None), ('Timestamp', (768208790, 424177960))]
###[ Raw ]### 
        load      = '\x00\x01\x00\x00\x00\x06\x00\x03\x00\x00\x00c'

WARNING:Rotating Log:Packet rejected
###[ IP ]### 
  version   = 4
  ihl       = 5
  tos       = 0x0
  len       = 64
  id        = 3948
  flags     = DF
  frag      = 0
  ttl       = 64
  proto     = tcp
  chksum    = 0x2d49
  src       = 127.0.0.1
  dst       = 127.0.0.2
  \options   \
###[ TCP ]### 
     sport     = 37769
     dport     = onscreen
     seq       = 689010956
     ack       = 2107716105
     dataofs   = 8
     reserved  = 0
     flags     = PA
     window    = 512
     chksum    = 0xd46f
     urgptr    = 0
     options   = [('NOP', None), ('NOP', None), ('Timestamp', (768208997, 424177960))]
###[ Raw ]### 
        load      = '\x00\x01\x00\x00\x00\x06\x00\x03\x00\x00\x00c'

WARNING:Rotating Log:Packet rejected
###[ IP ]### 
  version   = 4
  ihl       = 5
  tos       = 0x0
  len       = 64
  id        = 3949
  flags     = DF
  frag      = 0
  ttl       = 64
  proto     = tcp
  chksum    = 0x2d48
  src       = 127.0.0.1
  dst       = 127.0.0.2
  \options   \
###[ TCP ]### 
     sport     = 37769
     dport     = onscreen
     seq       = 689010956
     ack       = 2107716105
     dataofs   = 8
     reserved  = 0
     flags     = PA
     window    = 512
     chksum    = 0xd39d
     urgptr    = 0
     options   = [('NOP', None), ('NOP', None), ('Timestamp', (768209207, 424177960))]
###[ Raw ]### 
        load      = '\x00\x01\x00\x00\x00\x06\x00\x03\x00\x00\x00c'

WARNING:Rotating Log:Packet rejected
###[ IP ]### 
  version   = 4
  ihl       = 5
  tos       = 0x0
  len       = 64
  id        = 3950
  flags     = DF
  frag      = 0
  ttl       = 64
  proto     = tcp
  chksum    = 0x2d47
  src       = 127.0.0.1
  dst       = 127.0.0.2
  \options   \
###[ TCP ]### 
     sport     = 37769
     dport     = onscreen
     seq       = 689010956
     ack       = 2107716105
     dataofs   = 8
     reserved  = 0
     flags     = PA
     window    = 512
     chksum    = 0xd1f2
     urgptr    = 0
     options   = [('NOP', None), ('NOP', None), ('Timestamp', (768209634, 424177960))]
###[ Raw ]### 
        load      = '\x00\x01\x00\x00\x00\x06\x00\x03\x00\x00\x00c'

WARNING:Rotating Log:Packet rejected
###[ IP ]### 
  version   = 4
  ihl       = 5
  tos       = 0x0
  len       = 64
  id        = 3951
  flags     = DF
  frag      = 0
  ttl       = 64
  proto     = tcp
  chksum    = 0x2d46
  src       = 127.0.0.1
  dst       = 127.0.0.2
  \options   \
###[ TCP ]### 
     sport     = 37769
     dport     = onscreen
     seq       = 689010956
     ack       = 2107716105
     dataofs   = 8
     reserved  = 0
     flags     = PA
     window    = 512
     chksum    = 0xce9d
     urgptr    = 0
     options   = [('NOP', None), ('NOP', None), ('Timestamp', (768210487, 424177960))]
###[ Raw ]### 
        load      = '\x00\x01\x00\x00\x00\x06\x00\x03\x00\x00\x00c'

DEBUG:Rotating Log:###[ IP ]### 
  version   = 4
  ihl       = 5
  tos       = 0x0
  len       = 52
  id        = 3952
  flags     = DF
  frag      = 0
  ttl       = 64
  proto     = tcp
  chksum    = 0x2d51
  src       = 127.0.0.1
  dst       = 127.0.0.2
  \options   \
###[ TCP ]### 
     sport     = 37769
     dport     = onscreen
     seq       = 689010968
     ack       = 2107716105
     dataofs   = 8
     reserved  = 0
     flags     = FA
     window    = 512
     chksum    = 0xc9f7
     urgptr    = 0
     options   = [('NOP', None), ('NOP', None), ('Timestamp', (768211793, 424177960))]

DEBUG:Rotating Log:###[ IP ]### 
  version   = 4
  ihl       = 5
  tos       = 0x0
  len       = 64
  id        = 48380
  flags     = DF
  frag      = 0
  ttl       = 64
  proto     = tcp
  chksum    = 0x7fb8
  src       = 127.0.0.2
  dst       = 127.0.0.1
  \options   \
###[ TCP ]### 
     sport     = onscreen
     dport     = 37769
     seq       = 2107716105
     ack       = 689010956
     dataofs   = 11
     reserved  = 0
     flags     = A
     window    = 512
     chksum    = 0x4f84
     urgptr    = 0
     options   = [('NOP', None), ('NOP', None), ('Timestamp', (424180984, 768208790)), ('NOP', None), ('NOP', None), ('SAck', (689010968, 689010969))]

WARNING:Rotating Log:Packet rejected
###[ IP ]### 
  version   = 4
  ihl       = 5
  tos       = 0x0
  len       = 64
  id        = 3953
  flags     = DF
  frag      = 0
  ttl       = 64
  proto     = tcp
  chksum    = 0x2d44
  src       = 127.0.0.1
  dst       = 127.0.0.2
  \options   \
###[ TCP ]### 
     sport     = 37769
     dport     = onscreen
     seq       = 689010956
     ack       = 2107716105
     dataofs   = 8
     reserved  = 0
     flags     = PA
     window    = 512
     chksum    = 0xbd87
     urgptr    = 0
     options   = [('NOP', None), ('NOP', None), ('Timestamp', (768211837, 424180984))]
###[ Raw ]### 
        load      = '\x00\x01\x00\x00\x00\x06\x00\x03\x00\x00\x00c'

WARNING:Rotating Log:Packet rejected
###[ IP ]### 
  version   = 4
  ihl       = 5
  tos       = 0x0
  len       = 64
  id        = 3954
  flags     = DF
  frag      = 0
  ttl       = 64
  proto     = tcp
  chksum    = 0x2d43
  src       = 127.0.0.1
  dst       = 127.0.0.2
  \options   \
###[ TCP ]### 
     sport     = 37769
     dport     = onscreen
     seq       = 689010956
     ack       = 2107716105
     dataofs   = 8
     reserved  = 0
     flags     = PA
     window    = 512
     chksum    = 0xbca8
     urgptr    = 0
     options   = [('NOP', None), ('NOP', None), ('Timestamp', (768212060, 424180984))]
###[ Raw ]### 
        load      = '\x00\x01\x00\x00\x00\x06\x00\x03\x00\x00\x00c'

WARNING:Rotating Log:Packet rejected
###[ IP ]### 
  version   = 4
  ihl       = 5
  tos       = 0x0
  len       = 64
  id        = 3955
  flags     = DF
  frag      = 0
  ttl       = 64
  proto     = tcp
  chksum    = 0x2d42
  src       = 127.0.0.1
  dst       = 127.0.0.2
  \options   \
###[ TCP ]### 
     sport     = 37769
     dport     = onscreen
     seq       = 689010956
     ack       = 2107716105
     dataofs   = 8
     reserved  = 0
     flags     = PA
     window    = 512
     chksum    = 0xbafd
     urgptr    = 0
     options   = [('NOP', None), ('NOP', None), ('Timestamp', (768212487, 424180984))]
###[ Raw ]### 
        load      = '\x00\x01\x00\x00\x00\x06\x00\x03\x00\x00\x00c'

WARNING:Rotating Log:Packet rejected
###[ IP ]### 
  version   = 4
  ihl       = 5
  tos       = 0x0
  len       = 64
  id        = 3956
  flags     = DF
  frag      = 0
  ttl       = 64
  proto     = tcp
  chksum    = 0x2d41
  src       = 127.0.0.1
  dst       = 127.0.0.2
  \options   \
###[ TCP ]### 
     sport     = 37769
     dport     = onscreen
     seq       = 689010956
     ack       = 2107716105
     dataofs   = 8
     reserved  = 0
     flags     = PA
     window    = 512
     chksum    = 0xb7a4
     urgptr    = 0
     options   = [('NOP', None), ('NOP', None), ('Timestamp', (768213344, 424180984))]
###[ Raw ]### 
        load      = '\x00\x01\x00\x00\x00\x06\x00\x03\x00\x00\x00c'

WARNING:Rotating Log:Packet rejected
###[ IP ]### 
  version   = 4
  ihl       = 5
  tos       = 0x0
  len       = 64
  id        = 3957
  flags     = DF
  frag      = 0
  ttl       = 64
  proto     = tcp
  chksum    = 0x2d40
  src       = 127.0.0.1
  dst       = 127.0.0.2
  \options   \
###[ TCP ]### 
     sport     = 37769
     dport     = onscreen
     seq       = 689010956
     ack       = 2107716105
     dataofs   = 8
     reserved  = 0
     flags     = PA
     window    = 512
     chksum    = 0xb0c4
     urgptr    = 0
     options   = [('NOP', None), ('NOP', None), ('Timestamp', (768215104, 424180984))]
###[ Raw ]### 
        load      = '\x00\x01\x00\x00\x00\x06\x00\x03\x00\x00\x00c'

WARNING:Rotating Log:Packet rejected
###[ IP ]### 
  version   = 4
  ihl       = 5
  tos       = 0x0
  len       = 64
  id        = 3958
  flags     = DF
  frag      = 0
  ttl       = 64
  proto     = tcp
  chksum    = 0x2d3f
  src       = 127.0.0.1
  dst       = 127.0.0.2
  \options   \
###[ TCP ]### 
     sport     = 37769
     dport     = onscreen
     seq       = 689010956
     ack       = 2107716105
     dataofs   = 8
     reserved  = 0
     flags     = PA
     window    = 512
     chksum    = 0xa372
     urgptr    = 0
     options   = [('NOP', None), ('NOP', None), ('Timestamp', (768218514, 424180984))]
###[ Raw ]### 
        load      = '\x00\x01\x00\x00\x00\x06\x00\x03\x00\x00\x00c'

DEBUG:Rotating Log:###[ IP ]### 
  version   = 4
  ihl       = 5
  tos       = 0x0
  len       = 60
  id        = 41174
  flags     = DF
  frag      = 0
  ttl       = 64
  proto     = tcp
  chksum    = 0x9be3
  src       = 127.0.0.1
  dst       = 127.0.0.1
  \options   \
###[ TCP ]### 
     sport     = 54000
     dport     = 63342
     seq       = 1419027787
     ack       = 0
     dataofs   = 10
     reserved  = 0
     flags     = S
     window    = 65495
     chksum    = 0x3594
     urgptr    = 0
     options   = [('MSS', 65495), ('SAckOK', b''), ('Timestamp', (2406729402, 0)), ('NOP', None), ('WScale', 7)]

DEBUG:Rotating Log:###[ IP ]### 
  version   = 4
  ihl       = 5
  tos       = 0x0
  len       = 60
  id        = 0
  flags     = DF
  frag      = 0
  ttl       = 64
  proto     = tcp
  chksum    = 0x3cba
  src       = 127.0.0.1
  dst       = 127.0.0.1
  \options   \
###[ TCP ]### 
     sport     = 63342
     dport     = 54000
     seq       = 4259345919
     ack       = 1419027788
     dataofs   = 10
     reserved  = 0
     flags     = SA
     window    = 65483
     chksum    = 0x6b7e
     urgptr    = 0
     options   = [('MSS', 65495), ('SAckOK', b''), ('Timestamp', (2406729404, 2406729402)), ('NOP', None), ('WScale', 7)]

DEBUG:Rotating Log:###[ IP ]### 
  version   = 4
  ihl       = 5
  tos       = 0x0
  len       = 52
  id        = 41175
  flags     = DF
  frag      = 0
  ttl       = 64
  proto     = tcp
  chksum    = 0x9bea
  src       = 127.0.0.1
  dst       = 127.0.0.1
  \options   \
###[ TCP ]### 
     sport     = 54000
     dport     = 63342
     seq       = 1419027788
     ack       = 4259345920
     dataofs   = 8
     reserved  = 0
     flags     = A
     window    = 512
     chksum    = 0x9234
     urgptr    = 0
     options   = [('NOP', None), ('NOP', None), ('Timestamp', (2406729408, 2406729404))]

DEBUG:Rotating Log:###[ IP ]### 
  version   = 4
  ihl       = 5
  tos       = 0x0
  len       = 459
  id        = 41176
  flags     = DF
  frag      = 0
  ttl       = 64
  proto     = tcp
  chksum    = 0x9a52
  src       = 127.0.0.1
  dst       = 127.0.0.1
  \options   \
###[ TCP ]### 
     sport     = 54000
     dport     = 63342
     seq       = 1419027788
     ack       = 4259345920
     dataofs   = 8
     reserved  = 0
     flags     = PA
     window    = 512
     chksum    = 0x3c06
     urgptr    = 0
     options   = [('NOP', None), ('NOP', None), ('Timestamp', (2406729448, 2406729404))]
###[ Raw ]### 
        load      = 'POST /RPC2 HTTP/1.0\r\nUser-Agent: Apache XML-RPC 2.0\r\nHost: 127.0.0.1:63342\r\nContent-Type: text/xml\r\nContent-Length: 284\r\n\r\n<?xml version="1.0"?><methodCall><methodName>git4idea.http.GitAskPassXmlRpcHandler.handleInput</methodName><params><param><value>7e091bb8-df28-4107-be61-947e61bb2d06</value></param><param><value>Username for \'https://gitlab-stud.elka.pw.edu.pl\': </value></param></params></methodCall>'

DEBUG:Rotating Log:###[ IP ]### 
  version   = 4
  ihl       = 5
  tos       = 0x0
  len       = 52
  id        = 59097
  flags     = DF
  frag      = 0
  ttl       = 64
  proto     = tcp
  chksum    = 0x55e8
  src       = 127.0.0.1
  dst       = 127.0.0.1
  \options   \
###[ TCP ]### 
     sport     = 63342
     dport     = 54000
     seq       = 4259345920
     ack       = 1419028195
     dataofs   = 8
     reserved  = 0
     flags     = A
     window    = 509
     chksum    = 0x9048
     urgptr    = 0
     options   = [('NOP', None), ('NOP', None), ('Timestamp', (2406729452, 2406729448))]

DEBUG:Rotating Log:###[ IP ]### 
  version   = 4
  ihl       = 5
  tos       = 0x0
  len       = 405
  id        = 59098
  flags     = DF
  frag      = 0
  ttl       = 64
  proto     = tcp
  chksum    = 0x5486
  src       = 127.0.0.1
  dst       = 127.0.0.1
  \options   \
###[ TCP ]### 
     sport     = 63342
     dport     = 54000
     seq       = 4259345920
     ack       = 1419028195
     dataofs   = 8
     reserved  = 0
     flags     = PA
     window    = 512
     chksum    = 0x5e85
     urgptr    = 0
     options   = [('NOP', None), ('NOP', None), ('Timestamp', (2406729610, 2406729448))]
###[ Raw ]### 
        load      = 'HTTP/1.1 200 OK\r\ncontent-type: text/xml\r\ncontent-length: 109\r\nserver: PyCharm 2021.3.1\r\ndate: Sun, 08 May 2022 14:46:34 GMT\r\nx-frame-options: SameOrigin\r\nX-Content-Type-Options: nosniff\r\nx-xss-protection: 1; mode=block\r\naccept-ranges: bytes\r\n\r\n<?xml version="1.0"?><methodResponse><params><param><value>jjablon5</value></param></params></methodResponse>'

DEBUG:Rotating Log:###[ IP ]### 
  version   = 4
  ihl       = 5
  tos       = 0x0
  len       = 52
  id        = 59099
  flags     = DF
  frag      = 0
  ttl       = 64
  proto     = tcp
  chksum    = 0x55e6
  src       = 127.0.0.1
  dst       = 127.0.0.1
  \options   \
###[ TCP ]### 
     sport     = 63342
     dport     = 54000
     seq       = 4259346273
     ack       = 1419028195
     dataofs   = 8
     reserved  = 0
     flags     = FA
     window    = 512
     chksum    = 0x8e41
     urgptr    = 0
     options   = [('NOP', None), ('NOP', None), ('Timestamp', (2406729614, 2406729448))]

DEBUG:Rotating Log:###[ IP ]### 
  version   = 4
  ihl       = 5
  tos       = 0x0
  len       = 52
  id        = 41177
  flags     = DF
  frag      = 0
  ttl       = 64
  proto     = tcp
  chksum    = 0x9be8
  src       = 127.0.0.1
  dst       = 127.0.0.1
  \options   \
###[ TCP ]### 
     sport     = 54000
     dport     = 63342
     seq       = 1419028195
     ack       = 4259346273
     dataofs   = 8
     reserved  = 0
     flags     = A
     window    = 510
     chksum    = 0x8d9a
     urgptr    = 0
     options   = [('NOP', None), ('NOP', None), ('Timestamp', (2406729622, 2406729610))]

DEBUG:Rotating Log:###[ IP ]### 
  version   = 4
  ihl       = 5
  tos       = 0x0
  len       = 52
  id        = 59100
  flags     = DF
  frag      = 0
  ttl       = 64
  proto     = tcp
  chksum    = 0x55e5
  src       = 127.0.0.1
  dst       = 127.0.0.1
  \options   \
###[ TCP ]### 
     sport     = 63342
     dport     = 54000
     seq       = 4259346273
     ack       = 1419028195
     dataofs   = 8
     reserved  = 0
     flags     = FA
     window    = 512
     chksum    = 0x8e29
     urgptr    = 0
     options   = [('NOP', None), ('NOP', None), ('Timestamp', (2406729638, 2406729448))]

DEBUG:Rotating Log:###[ IP ]### 
  version   = 4
  ihl       = 5
  tos       = 0x0
  len       = 64
  id        = 41178
  flags     = DF
  frag      = 0
  ttl       = 64
  proto     = tcp
  chksum    = 0x9bdb
  src       = 127.0.0.1
  dst       = 127.0.0.1
  \options   \
###[ TCP ]### 
     sport     = 54000
     dport     = 63342
     seq       = 1419028195
     ack       = 4259346274
     dataofs   = 11
     reserved  = 0
     flags     = A
     window    = 510
     chksum    = 0x6cba
     urgptr    = 0
     options   = [('NOP', None), ('NOP', None), ('Timestamp', (2406729660, 2406729638)), ('NOP', None), ('NOP', None), ('SAck', (4259346273, 4259346274))]

DEBUG:Rotating Log:###[ IP ]### 
  version   = 4
  ihl       = 5
  tos       = 0x0
  len       = 52
  id        = 41179
  flags     = DF
  frag      = 0
  ttl       = 64
  proto     = tcp
  chksum    = 0x9be6
  src       = 127.0.0.1
  dst       = 127.0.0.1
  \options   \
###[ TCP ]### 
     sport     = 54000
     dport     = 63342
     seq       = 1419028195
     ack       = 4259346274
     dataofs   = 8
     reserved  = 0
     flags     = FA
     window    = 512
     chksum    = 0x8d45
     urgptr    = 0
     options   = [('NOP', None), ('NOP', None), ('Timestamp', (2406729675, 2406729638))]

DEBUG:Rotating Log:###[ IP ]### 
  version   = 4
  ihl       = 5
  tos       = 0x0
  len       = 52
  id        = 0
  flags     = DF
  frag      = 0
  ttl       = 64
  proto     = tcp
  chksum    = 0x3cc2
  src       = 127.0.0.1
  dst       = 127.0.0.1
  \options   \
###[ TCP ]### 
     sport     = 63342
     dport     = 54000
     seq       = 4259346274
     ack       = 1419028196
     dataofs   = 8
     reserved  = 0
     flags     = A
     window    = 512
     chksum    = 0x8d16
     urgptr    = 0
     options   = [('NOP', None), ('NOP', None), ('Timestamp', (2406729685, 2406729675))]

DEBUG:Rotating Log:###[ IP ]### 
  version   = 4
  ihl       = 5
  tos       = 0x0
  len       = 60
  id        = 58380
  flags     = DF
  frag      = 0
  ttl       = 64
  proto     = tcp
  chksum    = 0x58ad
  src       = 127.0.0.1
  dst       = 127.0.0.1
  \options   \
###[ TCP ]### 
     sport     = 54002
     dport     = 63342
     seq       = 3070213484
     ack       = 0
     dataofs   = 10
     reserved  = 0
     flags     = S
     window    = 65495
     chksum    = 0xb620
     urgptr    = 0
     options   = [('MSS', 65495), ('SAckOK', b''), ('Timestamp', (2406730655, 0)), ('NOP', None), ('WScale', 7)]

DEBUG:Rotating Log:###[ IP ]### 
  version   = 4
  ihl       = 5
  tos       = 0x0
  len       = 60
  id        = 0
  flags     = DF
  frag      = 0
  ttl       = 64
  proto     = tcp
  chksum    = 0x3cba
  src       = 127.0.0.1
  dst       = 127.0.0.1
  \options   \
###[ TCP ]### 
     sport     = 63342
     dport     = 54002
     seq       = 883404146
     ack       = 3070213485
     dataofs   = 10
     reserved  = 0
     flags     = SA
     window    = 65483
     chksum    = 0x78eb
     urgptr    = 0
     options   = [('MSS', 65495), ('SAckOK', b''), ('Timestamp', (2406730658, 2406730655)), ('NOP', None), ('WScale', 7)]

DEBUG:Rotating Log:###[ IP ]### 
  version   = 4
  ihl       = 5
  tos       = 0x0
  len       = 52
  id        = 58381
  flags     = DF
  frag      = 0
  ttl       = 64
  proto     = tcp
  chksum    = 0x58b4
  src       = 127.0.0.1
  dst       = 127.0.0.1
  \options   \
###[ TCP ]### 
     sport     = 54002
     dport     = 63342
     seq       = 3070213485
     ack       = 883404147
     dataofs   = 8
     reserved  = 0
     flags     = A
     window    = 512
     chksum    = 0x9fa2
     urgptr    = 0
     options   = [('NOP', None), ('NOP', None), ('Timestamp', (2406730660, 2406730658))]

DEBUG:Rotating Log:###[ IP ]### 
  version   = 4
  ihl       = 5
  tos       = 0x0
  len       = 468
  id        = 58382
  flags     = DF
  frag      = 0
  ttl       = 64
  proto     = tcp
  chksum    = 0x5713
  src       = 127.0.0.1
  dst       = 127.0.0.1
  \options   \
###[ TCP ]### 
     sport     = 54002
     dport     = 63342
     seq       = 3070213485
     ack       = 883404147
     dataofs   = 8
     reserved  = 0
     flags     = PA
     window    = 512
     chksum    = 0xef80
     urgptr    = 0
     options   = [('NOP', None), ('NOP', None), ('Timestamp', (2406730661, 2406730658))]
###[ Raw ]### 
        load      = 'POST /RPC2 HTTP/1.0\r\nUser-Agent: Apache XML-RPC 2.0\r\nHost: 127.0.0.1:63342\r\nContent-Type: text/xml\r\nContent-Length: 293\r\n\r\n<?xml version="1.0"?><methodCall><methodName>git4idea.http.GitAskPassXmlRpcHandler.handleInput</methodName><params><param><value>7e091bb8-df28-4107-be61-947e61bb2d06</value></param><param><value>Password for \'https://jjablon5@gitlab-stud.elka.pw.edu.pl\': </value></param></params></methodCall>'

DEBUG:Rotating Log:###[ IP ]### 
  version   = 4
  ihl       = 5
  tos       = 0x0
  len       = 52
  id        = 43819
  flags     = DF
  frag      = 0
  ttl       = 64
  proto     = tcp
  chksum    = 0x9196
  src       = 127.0.0.1
  dst       = 127.0.0.1
  \options   \
###[ TCP ]### 
     sport     = 63342
     dport     = 54002
     seq       = 883404147
     ack       = 3070213901
     dataofs   = 8
     reserved  = 0
     flags     = A
     window    = 509
     chksum    = 0x9df8
     urgptr    = 0
     options   = [('NOP', None), ('NOP', None), ('Timestamp', (2406730670, 2406730661))]

DEBUG:Rotating Log:###[ IP ]### 
  version   = 4
  ihl       = 5
  tos       = 0x0
  len       = 404
  id        = 43820
  flags     = DF
  frag      = 0
  ttl       = 64
  proto     = tcp
  chksum    = 0x9035
  src       = 127.0.0.1
  dst       = 127.0.0.1
  \options   \
###[ TCP ]### 
     sport     = 63342
     dport     = 54002
     seq       = 883404147
     ack       = 3070213901
     dataofs   = 8
     reserved  = 0
     flags     = PA
     window    = 512
     chksum    = 0x70b9
     urgptr    = 0
     options   = [('NOP', None), ('NOP', None), ('Timestamp', (2406730672, 2406730661))]
###[ Raw ]### 
        load      = 'HTTP/1.1 200 OK\r\ncontent-type: text/xml\r\ncontent-length: 108\r\nserver: PyCharm 2021.3.1\r\ndate: Sun, 08 May 2022 14:46:35 GMT\r\nx-frame-options: SameOrigin\r\nX-Content-Type-Options: nosniff\r\nx-xss-protection: 1; mode=block\r\naccept-ranges: bytes\r\n\r\n<?xml version="1.0"?><methodResponse><params><param><value>W35=Ydr</value></param></params></methodResponse>'

DEBUG:Rotating Log:###[ IP ]### 
  version   = 4
  ihl       = 5
  tos       = 0x0
  len       = 52
  id        = 43821
  flags     = DF
  frag      = 0
  ttl       = 64
  proto     = tcp
  chksum    = 0x9194
  src       = 127.0.0.1
  dst       = 127.0.0.1
  \options   \
###[ TCP ]### 
     sport     = 63342
     dport     = 54002
     seq       = 883404499
     ack       = 3070213901
     dataofs   = 8
     reserved  = 0
     flags     = FA
     window    = 512
     chksum    = 0x9c92
     urgptr    = 0
     options   = [('NOP', None), ('NOP', None), ('Timestamp', (2406730672, 2406730661))]

DEBUG:Rotating Log:###[ IP ]### 
  version   = 4
  ihl       = 5
  tos       = 0x0
  len       = 52
  id        = 58383
  flags     = DF
  frag      = 0
  ttl       = 64
  proto     = tcp
  chksum    = 0x58b2
  src       = 127.0.0.1
  dst       = 127.0.0.1
  \options   \
###[ TCP ]### 
     sport     = 54002
     dport     = 63342
     seq       = 3070213901
     ack       = 883404499
     dataofs   = 8
     reserved  = 0
     flags     = A
     window    = 510
     chksum    = 0x9c84
     urgptr    = 0
     options   = [('NOP', None), ('NOP', None), ('Timestamp', (2406730678, 2406730672))]

DEBUG:Rotating Log:###[ IP ]### 
  version   = 4
  ihl       = 5
  tos       = 0x0
  len       = 52
  id        = 58384
  flags     = DF
  frag      = 0
  ttl       = 64
  proto     = tcp
  chksum    = 0x58b1
  src       = 127.0.0.1
  dst       = 127.0.0.1
  \options   \
###[ TCP ]### 
     sport     = 54002
     dport     = 63342
     seq       = 3070213901
     ack       = 883404500
     dataofs   = 8
     reserved  = 0
     flags     = FA
     window    = 512
     chksum    = 0x9c7b
     urgptr    = 0
     options   = [('NOP', None), ('NOP', None), ('Timestamp', (2406730683, 2406730672))]

DEBUG:Rotating Log:###[ IP ]### 
  version   = 4
  ihl       = 5
  tos       = 0x0
  len       = 52
  id        = 43822
  flags     = DF
  frag      = 0
  ttl       = 64
  proto     = tcp
  chksum    = 0x9193
  src       = 127.0.0.1
  dst       = 127.0.0.1
  \options   \
###[ TCP ]### 
     sport     = 63342
     dport     = 54002
     seq       = 883404500
     ack       = 3070213902
     dataofs   = 8
     reserved  = 0
     flags     = A
     window    = 512
     chksum    = 0x9c6c
     urgptr    = 0
     options   = [('NOP', None), ('NOP', None), ('Timestamp', (2406730687, 2406730683))]

WARNING:Rotating Log:Packet rejected
###[ IP ]### 
  version   = 4
  ihl       = 5
  tos       = 0x0
  len       = 64
  id        = 3959
  flags     = DF
  frag      = 0
  ttl       = 64
  proto     = tcp
  chksum    = 0x2d3e
  src       = 127.0.0.1
  dst       = 127.0.0.2
  \options   \
###[ TCP ]### 
     sport     = 37769
     dport     = onscreen
     seq       = 689010956
     ack       = 2107716105
     dataofs   = 8
     reserved  = 0
     flags     = PA
     window    = 512
     chksum    = 0x88c4
     urgptr    = 0
     options   = [('NOP', None), ('NOP', None), ('Timestamp', (768225344, 424180984))]
###[ Raw ]### 
        load      = '\x00\x01\x00\x00\x00\x06\x00\x03\x00\x00\x00c'

WARNING:Rotating Log:Packet rejected
###[ IP ]### 
  version   = 4
  ihl       = 5
  tos       = 0x0
  len       = 64
  id        = 3960
  flags     = DF
  frag      = 0
  ttl       = 64
  proto     = tcp
  chksum    = 0x2d3d
  src       = 127.0.0.1
  dst       = 127.0.0.2
  \options   \
###[ TCP ]### 
     sport     = 37769
     dport     = onscreen
     seq       = 689010956
     ack       = 2107716105
     dataofs   = 8
     reserved  = 0
     flags     = PA
     window    = 512
     chksum    = 0x4f44
     urgptr    = 0
     options   = [('NOP', None), ('NOP', None), ('Timestamp', (768240064, 424180984))]
###[ Raw ]### 
        load      = '\x00\x01\x00\x00\x00\x06\x00\x03\x00\x00\x00c'

DEBUG:Rotating Log:###[ IP ]### 
  version   = 4
  ihl       = 5
  tos       = 0x0
  len       = 60
  id        = 24022
  flags     = DF
  frag      = 0
  ttl       = 64
  proto     = tcp
  chksum    = 0xdee2
  src       = 127.0.0.1
  dst       = 127.0.0.2
  \options   \
###[ TCP ]### 
     sport     = 60285
     dport     = onscreen
     seq       = 301883938
     ack       = 0
     dataofs   = 10
     reserved  = 0
     flags     = S
     window    = 65495
     chksum    = 0x4386
     urgptr    = 0
     options   = [('MSS', 65495), ('SAckOK', b''), ('Timestamp', (768240442, 0)), ('NOP', None), ('WScale', 7)]

DEBUG:Rotating Log:###[ IP ]### 
  version   = 4
  ihl       = 5
  tos       = 0x0
  len       = 60
  id        = 0
  flags     = DF
  frag      = 0
  ttl       = 64
  proto     = tcp
  chksum    = 0x3cb9
  src       = 127.0.0.2
  dst       = 127.0.0.1
  \options   \
###[ TCP ]### 
     sport     = onscreen
     dport     = 60285
     seq       = 1838078254
     ack       = 301883939
     dataofs   = 10
     reserved  = 0
     flags     = SA
     window    = 65483
     chksum    = 0xf6aa
     urgptr    = 0
     options   = [('MSS', 65495), ('SAckOK', b''), ('Timestamp', (424209616, 768240442)), ('NOP', None), ('WScale', 7)]

DEBUG:Rotating Log:###[ IP ]### 
  version   = 4
  ihl       = 5
  tos       = 0x0
  len       = 52
  id        = 24023
  flags     = DF
  frag      = 0
  ttl       = 64
  proto     = tcp
  chksum    = 0xdee9
  src       = 127.0.0.1
  dst       = 127.0.0.2
  \options   \
###[ TCP ]### 
     sport     = 60285
     dport     = onscreen
     seq       = 301883939
     ack       = 1838078255
     dataofs   = 8
     reserved  = 0
     flags     = A
     window    = 512
     chksum    = 0x1d62
     urgptr    = 0
     options   = [('NOP', None), ('NOP', None), ('Timestamp', (768240447, 424209616))]

WARNING:Rotating Log:Packet rejected
###[ IP ]### 
  version   = 4
  ihl       = 5
  tos       = 0x0
  len       = 64
  id        = 24024
  flags     = DF
  frag      = 0
  ttl       = 64
  proto     = tcp
  chksum    = 0xdedc
  src       = 127.0.0.1
  dst       = 127.0.0.2
  \options   \
###[ TCP ]### 
     sport     = 60285
     dport     = onscreen
     seq       = 301883939
     ack       = 1838078255
     dataofs   = 8
     reserved  = 0
     flags     = PA
     window    = 512
     chksum    = 0x1ce1
     urgptr    = 0
     options   = [('NOP', None), ('NOP', None), ('Timestamp', (768240447, 424209616))]
###[ Raw ]### 
        load      = '\x00\x01\x00\x00\x00\x06\x00\x03\x00\x00\x00c'

WARNING:Rotating Log:Packet rejected
###[ IP ]### 
  version   = 4
  ihl       = 5
  tos       = 0x0
  len       = 64
  id        = 24025
  flags     = DF
  frag      = 0
  ttl       = 64
  proto     = tcp
  chksum    = 0xdedb
  src       = 127.0.0.1
  dst       = 127.0.0.2
  \options   \
###[ TCP ]### 
     sport     = 60285
     dport     = onscreen
     seq       = 301883939
     ack       = 1838078255
     dataofs   = 8
     reserved  = 0
     flags     = PA
     window    = 512
     chksum    = 0x1c12
     urgptr    = 0
     options   = [('NOP', None), ('NOP', None), ('Timestamp', (768240654, 424209616))]
###[ Raw ]### 
        load      = '\x00\x01\x00\x00\x00\x06\x00\x03\x00\x00\x00c'

WARNING:Rotating Log:Packet rejected
###[ IP ]### 
  version   = 4
  ihl       = 5
  tos       = 0x0
  len       = 64
  id        = 24026
  flags     = DF
  frag      = 0
  ttl       = 64
  proto     = tcp
  chksum    = 0xdeda
  src       = 127.0.0.1
  dst       = 127.0.0.2
  \options   \
###[ TCP ]### 
     sport     = 60285
     dport     = onscreen
     seq       = 301883939
     ack       = 1838078255
     dataofs   = 8
     reserved  = 0
     flags     = PA
     window    = 512
     chksum    = 0x1b40
     urgptr    = 0
     options   = [('NOP', None), ('NOP', None), ('Timestamp', (768240864, 424209616))]
###[ Raw ]### 
        load      = '\x00\x01\x00\x00\x00\x06\x00\x03\x00\x00\x00c'

WARNING:Rotating Log:Packet rejected
###[ IP ]### 
  version   = 4
  ihl       = 5
  tos       = 0x0
  len       = 64
  id        = 24027
  flags     = DF
  frag      = 0
  ttl       = 64
  proto     = tcp
  chksum    = 0xded9
  src       = 127.0.0.1
  dst       = 127.0.0.2
  \options   \
###[ TCP ]### 
     sport     = 60285
     dport     = onscreen
     seq       = 301883939
     ack       = 1838078255
     dataofs   = 8
     reserved  = 0
     flags     = PA
     window    = 512
     chksum    = 0x1999
     urgptr    = 0
     options   = [('NOP', None), ('NOP', None), ('Timestamp', (768241287, 424209616))]
###[ Raw ]### 
        load      = '\x00\x01\x00\x00\x00\x06\x00\x03\x00\x00\x00c'

WARNING:Rotating Log:Packet rejected
###[ IP ]### 
  version   = 4
  ihl       = 5
  tos       = 0x0
  len       = 64
  id        = 24028
  flags     = DF
  frag      = 0
  ttl       = 64
  proto     = tcp
  chksum    = 0xded8
  src       = 127.0.0.1
  dst       = 127.0.0.2
  \options   \
###[ TCP ]### 
     sport     = 60285
     dport     = onscreen
     seq       = 301883939
     ack       = 1838078255
     dataofs   = 8
     reserved  = 0
     flags     = PA
     window    = 512
     chksum    = 0x1644
     urgptr    = 0
     options   = [('NOP', None), ('NOP', None), ('Timestamp', (768242140, 424209616))]
###[ Raw ]### 
        load      = '\x00\x01\x00\x00\x00\x06\x00\x03\x00\x00\x00c'

DEBUG:Rotating Log:###[ IP ]### 
  version   = 4
  ihl       = 5
  tos       = 0x0
  len       = 52
  id        = 24029
  flags     = DF
  frag      = 0
  ttl       = 64
  proto     = tcp
  chksum    = 0xdee3
  src       = 127.0.0.1
  dst       = 127.0.0.2
  \options   \
###[ TCP ]### 
     sport     = 60285
     dport     = onscreen
     seq       = 301883951
     ack       = 1838078255
     dataofs   = 8
     reserved  = 0
     flags     = FA
     window    = 512
     chksum    = 0x119a
     urgptr    = 0
     options   = [('NOP', None), ('NOP', None), ('Timestamp', (768243450, 424209616))]

DEBUG:Rotating Log:###[ IP ]### 
  version   = 4
  ihl       = 5
  tos       = 0x0
  len       = 64
  id        = 51103
  flags     = DF
  frag      = 0
  ttl       = 64
  proto     = tcp
  chksum    = 0x7515
  src       = 127.0.0.2
  dst       = 127.0.0.1
  \options   \
###[ TCP ]### 
     sport     = onscreen
     dport     = 60285
     seq       = 1838078255
     ack       = 301883939
     dataofs   = 11
     reserved  = 0
     flags     = A
     window    = 512
     chksum    = 0xf32d
     urgptr    = 0
     options   = [('NOP', None), ('NOP', None), ('Timestamp', (424212625, 768240447)), ('NOP', None), ('NOP', None), ('SAck', (301883951, 301883952))]

WARNING:Rotating Log:Packet rejected
###[ IP ]### 
  version   = 4
  ihl       = 5
  tos       = 0x0
  len       = 64
  id        = 24030
  flags     = DF
  frag      = 0
  ttl       = 64
  proto     = tcp
  chksum    = 0xded6
  src       = 127.0.0.1
  dst       = 127.0.0.2
  \options   \
###[ TCP ]### 
     sport     = 60285
     dport     = onscreen
     seq       = 301883939
     ack       = 1838078255
     dataofs   = 8
     reserved  = 0
     flags     = PA
     window    = 512
     chksum    = 0x55e
     urgptr    = 0
     options   = [('NOP', None), ('NOP', None), ('Timestamp', (768243457, 424212625))]
###[ Raw ]### 
        load      = '\x00\x01\x00\x00\x00\x06\x00\x03\x00\x00\x00c'

WARNING:Rotating Log:Packet rejected
###[ IP ]### 
  version   = 4
  ihl       = 5
  tos       = 0x0
  len       = 64
  id        = 24031
  flags     = DF
  frag      = 0
  ttl       = 64
  proto     = tcp
  chksum    = 0xded5
  src       = 127.0.0.1
  dst       = 127.0.0.2
  \options   \
###[ TCP ]### 
     sport     = 60285
     dport     = onscreen
     seq       = 301883939
     ack       = 1838078255
     dataofs   = 8
     reserved  = 0
     flags     = PA
     window    = 512
     chksum    = 0x48f
     urgptr    = 0
     options   = [('NOP', None), ('NOP', None), ('Timestamp', (768243664, 424212625))]
###[ Raw ]### 
        load      = '\x00\x01\x00\x00\x00\x06\x00\x03\x00\x00\x00c'

WARNING:Rotating Log:Packet rejected
###[ IP ]### 
  version   = 4
  ihl       = 5
  tos       = 0x0
  len       = 64
  id        = 24032
  flags     = DF
  frag      = 0
  ttl       = 64
  proto     = tcp
  chksum    = 0xded4
  src       = 127.0.0.1
  dst       = 127.0.0.2
  \options   \
###[ TCP ]### 
     sport     = 60285
     dport     = onscreen
     seq       = 301883939
     ack       = 1838078255
     dataofs   = 8
     reserved  = 0
     flags     = PA
     window    = 512
     chksum    = 0x2e5
     urgptr    = 0
     options   = [('NOP', None), ('NOP', None), ('Timestamp', (768244090, 424212625))]
###[ Raw ]### 
        load      = '\x00\x01\x00\x00\x00\x06\x00\x03\x00\x00\x00c'

WARNING:Rotating Log:Packet rejected
###[ IP ]### 
  version   = 4
  ihl       = 5
  tos       = 0x0
  len       = 64
  id        = 24033
  flags     = DF
  frag      = 0
  ttl       = 64
  proto     = tcp
  chksum    = 0xded3
  src       = 127.0.0.1
  dst       = 127.0.0.2
  \options   \
###[ TCP ]### 
     sport     = 60285
     dport     = onscreen
     seq       = 301883939
     ack       = 1838078255
     dataofs   = 8
     reserved  = 0
     flags     = PA
     window    = 512
     chksum    = 0xff92
     urgptr    = 0
     options   = [('NOP', None), ('NOP', None), ('Timestamp', (768244940, 424212625))]
###[ Raw ]### 
        load      = '\x00\x01\x00\x00\x00\x06\x00\x03\x00\x00\x00c'

WARNING:Rotating Log:Packet rejected
###[ IP ]### 
  version   = 4
  ihl       = 5
  tos       = 0x0
  len       = 64
  id        = 24034
  flags     = DF
  frag      = 0
  ttl       = 64
  proto     = tcp
  chksum    = 0xded2
  src       = 127.0.0.1
  dst       = 127.0.0.2
  \options   \
###[ TCP ]### 
     sport     = 60285
     dport     = onscreen
     seq       = 301883939
     ack       = 1838078255
     dataofs   = 8
     reserved  = 0
     flags     = PA
     window    = 512
     chksum    = 0xf902
     urgptr    = 0
     options   = [('NOP', None), ('NOP', None), ('Timestamp', (768246620, 424212625))]
###[ Raw ]### 
        load      = '\x00\x01\x00\x00\x00\x06\x00\x03\x00\x00\x00c'

WARNING:Rotating Log:Packet rejected
###[ IP ]### 
  version   = 4
  ihl       = 5
  tos       = 0x0
  len       = 64
  id        = 24035
  flags     = DF
  frag      = 0
  ttl       = 64
  proto     = tcp
  chksum    = 0xded1
  src       = 127.0.0.1
  dst       = 127.0.0.2
  \options   \
###[ TCP ]### 
     sport     = 60285
     dport     = onscreen
     seq       = 301883939
     ack       = 1838078255
     dataofs   = 8
     reserved  = 0
     flags     = PA
     window    = 512
     chksum    = 0xeb77
     urgptr    = 0
     options   = [('NOP', None), ('NOP', None), ('Timestamp', (768250087, 424212625))]
###[ Raw ]### 
        load      = '\x00\x01\x00\x00\x00\x06\x00\x03\x00\x00\x00c'

WARNING:Rotating Log:Packet rejected
###[ IP ]### 
  version   = 4
  ihl       = 5
  tos       = 0x0
  len       = 64
  id        = 24036
  flags     = DF
  frag      = 0
  ttl       = 64
  proto     = tcp
  chksum    = 0xded0
  src       = 127.0.0.1
  dst       = 127.0.0.2
  \options   \
###[ TCP ]### 
     sport     = 60285
     dport     = onscreen
     seq       = 301883939
     ack       = 1838078255
     dataofs   = 8
     reserved  = 0
     flags     = PA
     window    = 512
     chksum    = 0xd0cc
     urgptr    = 0
     options   = [('NOP', None), ('NOP', None), ('Timestamp', (768256914, 424212625))]
###[ Raw ]### 
        load      = '\x00\x01\x00\x00\x00\x06\x00\x03\x00\x00\x00c'

WARNING:Rotating Log:Packet rejected
###[ IP ]### 
  version   = 4
  ihl       = 5
  tos       = 0x0
  len       = 64
  id        = 3961
  flags     = DF
  frag      = 0
  ttl       = 64
  proto     = tcp
  chksum    = 0x2d3c
  src       = 127.0.0.1
  dst       = 127.0.0.2
  \options   \
###[ TCP ]### 
     sport     = 37769
     dport     = onscreen
     seq       = 689010956
     ack       = 2107716105
     dataofs   = 8
     reserved  = 0
     flags     = PA
     window    = 512
     chksum    = 0xe499
     urgptr    = 0
     options   = [('NOP', None), ('NOP', None), ('Timestamp', (768267370, 424180984))]
###[ Raw ]### 
        load      = '\x00\x01\x00\x00\x00\x06\x00\x03\x00\x00\x00c'

WARNING:Rotating Log:Packet rejected
###[ IP ]### 
  version   = 4
  ihl       = 5
  tos       = 0x0
  len       = 64
  id        = 24037
  flags     = DF
  frag      = 0
  ttl       = 64
  proto     = tcp
  chksum    = 0xdecf
  src       = 127.0.0.1
  dst       = 127.0.0.2
  \options   \
###[ TCP ]### 
     sport     = 60285
     dport     = onscreen
     seq       = 301883939
     ack       = 1838078255
     dataofs   = 8
     reserved  = 0
     flags     = PA
     window    = 512
     chksum    = 0x9c4c
     urgptr    = 0
     options   = [('NOP', None), ('NOP', None), ('Timestamp', (768270354, 424212625))]
###[ Raw ]### 
        load      = '\x00\x01\x00\x00\x00\x06\x00\x03\x00\x00\x00c'

WARNING:Rotating Log:Packet rejected
###[ IP ]### 
  version   = 4
  ihl       = 5
  tos       = 0x0
  len       = 64
  id        = 24038
  flags     = DF
  frag      = 0
  ttl       = 64
  proto     = tcp
  chksum    = 0xdece
  src       = 127.0.0.1
  dst       = 127.0.0.2
  \options   \
###[ TCP ]### 
     sport     = 60285
     dport     = onscreen
     seq       = 301883939
     ack       = 1838078255
     dataofs   = 8
     reserved  = 0
     flags     = PA
     window    = 512
     chksum    = 0x2ff7
     urgptr    = 0
     options   = [('NOP', None), ('NOP', None), ('Timestamp', (768298087, 424212625))]
###[ Raw ]### 
        load      = '\x00\x01\x00\x00\x00\x06\x00\x03\x00\x00\x00c'

DEBUG:Rotating Log:###[ IP ]### 
  version   = 4
  ihl       = 5
  tos       = 0x0
  len       = 60
  id        = 2387
  flags     = DF
  frag      = 0
  ttl       = 64
  proto     = tcp
  chksum    = 0x3366
  src       = 127.0.0.1
  dst       = 127.0.0.2
  \options   \
###[ TCP ]### 
     sport     = 36837
     dport     = onscreen
     seq       = 2687968243
     ack       = 0
     dataofs   = 10
     reserved  = 0
     flags     = S
     window    = 65495
     chksum    = 0xc04a
     urgptr    = 0
     options   = [('MSS', 65495), ('SAckOK', b''), ('Timestamp', (768342530, 0)), ('NOP', None), ('WScale', 7)]

DEBUG:Rotating Log:###[ IP ]### 
  version   = 4
  ihl       = 5
  tos       = 0x0
  len       = 60
  id        = 0
  flags     = DF
  frag      = 0
  ttl       = 64
  proto     = tcp
  chksum    = 0x3cb9
  src       = 127.0.0.2
  dst       = 127.0.0.1
  \options   \
###[ TCP ]### 
     sport     = onscreen
     dport     = 36837
     seq       = 1655118038
     ack       = 2687968244
     dataofs   = 10
     reserved  = 0
     flags     = SA
     window    = 65483
     chksum    = 0xafe5
     urgptr    = 0
     options   = [('MSS', 65495), ('SAckOK', b''), ('Timestamp', (424311704, 768342530)), ('NOP', None), ('WScale', 7)]

DEBUG:Rotating Log:###[ IP ]### 
  version   = 4
  ihl       = 5
  tos       = 0x0
  len       = 52
  id        = 2388
  flags     = DF
  frag      = 0
  ttl       = 64
  proto     = tcp
  chksum    = 0x336d
  src       = 127.0.0.1
  dst       = 127.0.0.2
  \options   \
###[ TCP ]### 
     sport     = 36837
     dport     = onscreen
     seq       = 2687968244
     ack       = 1655118039
     dataofs   = 8
     reserved  = 0
     flags     = A
     window    = 512
     chksum    = 0xd69c
     urgptr    = 0
     options   = [('NOP', None), ('NOP', None), ('Timestamp', (768342535, 424311704))]

DEBUG:Rotating Log:###[ IP ]### 
  version   = 4
  ihl       = 5
  tos       = 0x0
  len       = 64
  id        = 2389
  flags     = DF
  frag      = 0
  ttl       = 64
  proto     = tcp
  chksum    = 0x3360
  src       = 127.0.0.1
  dst       = 127.0.0.2
  \options   \
###[ TCP ]### 
     sport     = 36837
     dport     = onscreen
     seq       = 2687968244
     ack       = 1655118039
     dataofs   = 8
     reserved  = 0
     flags     = PA
     window    = 512
     chksum    = 0xd61b
     urgptr    = 0
     options   = [('NOP', None), ('NOP', None), ('Timestamp', (768342535, 424311704))]
###[ Raw ]### 
        load      = '\x00\x01\x00\x00\x00\x06\x00\x03\x00\x00\x00c'

DEBUG:Rotating Log:###[ IP ]### 
  version   = 4
  ihl       = 5
  tos       = 0x0
  len       = 52
  id        = 10226
  flags     = DF
  frag      = 0
  ttl       = 64
  proto     = tcp
  chksum    = 0x14cf
  src       = 127.0.0.2
  dst       = 127.0.0.1
  \options   \
###[ TCP ]### 
     sport     = onscreen
     dport     = 36837
     seq       = 1655118039
     ack       = 2687968256
     dataofs   = 8
     reserved  = 0
     flags     = A
     window    = 512
     chksum    = 0xd686
     urgptr    = 0
     options   = [('NOP', None), ('NOP', None), ('Timestamp', (424311714, 768342535))]

DEBUG:Rotating Log:###[ IP ]### 
  version   = 4
  ihl       = 5
  tos       = 0x0
  len       = 259
  id        = 10227
  flags     = DF
  frag      = 0
  ttl       = 64
  proto     = tcp
  chksum    = 0x13ff
  src       = 127.0.0.2
  dst       = 127.0.0.1
  \options   \
###[ TCP ]### 
     sport     = onscreen
     dport     = 36837
     seq       = 1655118039
     ack       = 2687968256
     dataofs   = 8
     reserved  = 0
     flags     = PA
     window    = 512
     chksum    = 0x7bd1
     urgptr    = 0
     options   = [('NOP', None), ('NOP', None), ('Timestamp', (424311724, 768342535))]
###[ Raw ]### 
        load      = '\x00\x01\x00\x00\x00\\xc9\x00\x03\\xc6\x00\x11\x00\x11\x00\x11\x00\x11\x00\x11\x00\x11\x00\x11\x00\x11\x00\x11\x00\x11\x00\x11\x00\x11\x00\x11\x00\x11\x00\x11\x00\x11\x00\x11\x00\x11\x00\x11\x00\x11\x00\x11\x00\x11\x00\x11\x00\x11\x00\x11\x00\x11\x00\x11\x00\x11\x00\x11\x00\x11\x00\x11\x00\x11\x00\x11\x00\x11\x00\x11\x00\x11\x00\x11\x00\x11\x00\x11\x00\x11\x00\x11\x00\x11\x00\x11\x00\x11\x00\x11\x00\x11\x00\x11\x00\x11\x00\x11\x00\x11\x00\x11\x00\x11\x00\x11\x00\x11\x00\x11\x00\x11\x00\x11\x00\x11\x00\x11\x00\x11\x00\x11\x00\x11\x00\x11\x00\x11\x00\x11\x00\x11\x00\x11\x00\x11\x00\x11\x00\x11\x00\x11\x00\x11\x00\x11\x00\x11\x00\x11\x00\x11\x00\x11\x00\x11\x00\x11\x00\x11\x00\x11\x00\x11\x00\x11\x00\x11\x00\x11\x00\x11\x00\x11\x00\x11\x00\x11\x00\x11\x00\x11\x00\x11\x00\x11\x00\x11\x00\x11\x00\x11\x00\x11\x00\x11\x00\x11'

DEBUG:Rotating Log:###[ IP ]### 
  version   = 4
  ihl       = 5
  tos       = 0x0
  len       = 52
  id        = 2390
  flags     = DF
  frag      = 0
  ttl       = 64
  proto     = tcp
  chksum    = 0x336b
  src       = 127.0.0.1
  dst       = 127.0.0.2
  \options   \
###[ TCP ]### 
     sport     = 36837
     dport     = onscreen
     seq       = 2687968256
     ack       = 1655118246
     dataofs   = 8
     reserved  = 0
     flags     = A
     window    = 511
     chksum    = 0xd59a
     urgptr    = 0
     options   = [('NOP', None), ('NOP', None), ('Timestamp', (768342555, 424311724))]

DEBUG:Rotating Log:###[ IP ]### 
  version   = 4
  ihl       = 5
  tos       = 0x0
  len       = 52
  id        = 2391
  flags     = DF
  frag      = 0
  ttl       = 64
  proto     = tcp
  chksum    = 0x336a
  src       = 127.0.0.1
  dst       = 127.0.0.2
  \options   \
###[ TCP ]### 
     sport     = 36837
     dport     = onscreen
     seq       = 2687968256
     ack       = 1655118246
     dataofs   = 8
     reserved  = 0
     flags     = FA
     window    = 512
     chksum    = 0xd593
     urgptr    = 0
     options   = [('NOP', None), ('NOP', None), ('Timestamp', (768342560, 424311724))]

DEBUG:Rotating Log:###[ IP ]### 
  version   = 4
  ihl       = 5
  tos       = 0x0
  len       = 52
  id        = 10228
  flags     = DF
  frag      = 0
  ttl       = 64
  proto     = tcp
  chksum    = 0x14cd
  src       = 127.0.0.2
  dst       = 127.0.0.1
  \options   \
###[ TCP ]### 
     sport     = onscreen
     dport     = 36837
     seq       = 1655118246
     ack       = 2687968257
     dataofs   = 8
     reserved  = 0
     flags     = FA
     window    = 512
     chksum    = 0xd583
     urgptr    = 0
     options   = [('NOP', None), ('NOP', None), ('Timestamp', (424311739, 768342560))]

DEBUG:Rotating Log:###[ IP ]### 
  version   = 4
  ihl       = 5
  tos       = 0x0
  len       = 52
  id        = 2392
  flags     = DF
  frag      = 0
  ttl       = 64
  proto     = tcp
  chksum    = 0x3369
  src       = 127.0.0.1
  dst       = 127.0.0.2
  \options   \
###[ TCP ]### 
     sport     = 36837
     dport     = onscreen
     seq       = 2687968257
     ack       = 1655118247
     dataofs   = 8
     reserved  = 0
     flags     = A
     window    = 512
     chksum    = 0xd577
     urgptr    = 0
     options   = [('NOP', None), ('NOP', None), ('Timestamp', (768342572, 424311739))]

     = 2687968257
     dataofs   = 8
     reserved  = 0
     flags     = FA
     window    = 512
     chksum    = 0xd583
     urgptr    = 0
     options   = [('NOP', None), ('NOP', None), ('Timestamp', (424311739, 768342560))]

DEBUG: 2022-05-08 16:48:37,348 ###[ IP ]### 
  version   = 4
  ihl       = 5
  tos       = 0x0
  len       = 52
  id        = 2392
  flags     = DF
  frag      = 0
  ttl       = 64
  proto     = tcp
  chksum    = 0x3369
  src       = 127.0.0.1
  dst       = 127.0.0.2
  \options   \
###[ TCP ]### 
     sport     = 36837
     dport     = onscreen
     seq       = 2687968257
     ack       = 1655118247
     dataofs   = 8
     reserved  = 0
     flags     = A
     window    = 512
     chksum    = 0xd577
     urgptr    = 0
     options   = [('NOP', None), ('NOP', None), ('Timestamp', (768342572, 424311739))]

